<?xml version="1.0" encoding="UTF-8"?>
<!-- Generated by org.testng.reporters.JUnitReportReporter -->
<testsuite hostname="DeeptisLenovo" failures="0" tests="2" name="testCases.TC002_LoginTest" time="3.102" errors="0" timestamp="2024-05-09T14:30:35 EDT" skipped="0">
  <testcase classname="testCases.TC002_LoginTest" name="verify_login" time="1.611"/>
  <testcase classname="testCases.TC002_LoginTest" name="verify_login" time="1.491"/>
</testsuite> <!-- testCases.TC002_LoginTest -->
