<?xml version="1.0" encoding="UTF-8"?>
<!-- Generated by org.testng.reporters.JUnitReportReporter -->
<testsuite hostname="DeeptisLenovo" failures="0" tests="2" name="testCases.TC001_AccountRegistrationTest" time="4.311" errors="0" timestamp="2024-05-09T14:30:35 EDT" skipped="0">
  <testcase classname="testCases.TC001_AccountRegistrationTest" name="verify_account_registration" time="2.081"/>
  <testcase classname="testCases.TC001_AccountRegistrationTest" name="verify_account_registration" time="2.230"/>
</testsuite> <!-- testCases.TC001_AccountRegistrationTest -->
